<?xml version="1.0" encoding="UTF-8"?>
<testsuite xmlns:xsi="http://www.w3.org/2001/XMLSchema-instance" xsi:noNamespaceSchemaLocation="https://maven.apache.org/surefire/maven-surefire-plugin/xsd/surefire-test-report-3.0.xsd" version="3.0" name="testRunner.RunnerTest" time="105.184" tests="0" errors="0" skipped="0" failures="0">
  <properties>
    <property name="sun.desktop" value="windows"/>
    <property name="awt.toolkit" value="sun.awt.windows.WToolkit"/>
    <property name="file.encoding.pkg" value="sun.io"/>
    <property name="java.specification.version" value="1.8"/>
    <property name="webdriver.chrome.driver" value="./Drivers\chromedriver.exe"/>
    <property name="sun.cpu.isalist" value="amd64"/>
    <property name="sun.jnu.encoding" value="Cp1252"/>
    <property name="java.class.path" value="C:\Users\binodini.sahoo.GISBIZDEV\git\Fielda\InHouseFieldaOld\target\test-classes;C:\Users\binodini.sahoo.GISBIZDEV\git\Fielda\InHouseFieldaOld\target\classes;C:\Users\binodini.sahoo.GISBIZDEV\.m2\repository\org\apache\commons\commons-lang3\3.8.1\commons-lang3-3.8.1.jar;C:\Users\binodini.sahoo.GISBIZDEV\.m2\repository\commons-logging\commons-logging\1.1.1\commons-logging-1.1.1.jar;C:\Users\binodini.sahoo.GISBIZDEV\.m2\repository\org\seleniumhq\selenium\selenium-java\3.13.0\selenium-java-3.13.0.jar;C:\Users\binodini.sahoo.GISBIZDEV\.m2\repository\org\seleniumhq\selenium\selenium-api\3.13.0\selenium-api-3.13.0.jar;C:\Users\binodini.sahoo.GISBIZDEV\.m2\repository\org\seleniumhq\selenium\selenium-chrome-driver\3.13.0\selenium-chrome-driver-3.13.0.jar;C:\Users\binodini.sahoo.GISBIZDEV\.m2\repository\org\seleniumhq\selenium\selenium-edge-driver\3.13.0\selenium-edge-driver-3.13.0.jar;C:\Users\binodini.sahoo.GISBIZDEV\.m2\repository\org\seleniumhq\selenium\selenium-firefox-driver\3.13.0\selenium-firefox-driver-3.13.0.jar;C:\Users\binodini.sahoo.GISBIZDEV\.m2\repository\org\seleniumhq\selenium\selenium-ie-driver\3.13.0\selenium-ie-driver-3.13.0.jar;C:\Users\binodini.sahoo.GISBIZDEV\.m2\repository\org\seleniumhq\selenium\selenium-opera-driver\3.13.0\selenium-opera-driver-3.13.0.jar;C:\Users\binodini.sahoo.GISBIZDEV\.m2\repository\org\seleniumhq\selenium\selenium-remote-driver\3.13.0\selenium-remote-driver-3.13.0.jar;C:\Users\binodini.sahoo.GISBIZDEV\.m2\repository\org\seleniumhq\selenium\selenium-safari-driver\3.13.0\selenium-safari-driver-3.13.0.jar;C:\Users\binodini.sahoo.GISBIZDEV\.m2\repository\org\seleniumhq\selenium\selenium-support\3.13.0\selenium-support-3.13.0.jar;C:\Users\binodini.sahoo.GISBIZDEV\.m2\repository\net\bytebuddy\byte-buddy\1.8.3\byte-buddy-1.8.3.jar;C:\Users\binodini.sahoo.GISBIZDEV\.m2\repository\org\apache\commons\commons-exec\1.3\commons-exec-1.3.jar;C:\Users\binodini.sahoo.GISBIZDEV\.m2\repository\commons-codec\commons-codec\1.10\commons-codec-1.10.jar;C:\Users\binodini.sahoo.GISBIZDEV\.m2\repository\com\google\code\gson\gson\2.8.4\gson-2.8.4.jar;C:\Users\binodini.sahoo.GISBIZDEV\.m2\repository\com\google\guava\guava\25.0-jre\guava-25.0-jre.jar;C:\Users\binodini.sahoo.GISBIZDEV\.m2\repository\com\google\code\findbugs\jsr305\1.3.9\jsr305-1.3.9.jar;C:\Users\binodini.sahoo.GISBIZDEV\.m2\repository\org\checkerframework\checker-compat-qual\2.0.0\checker-compat-qual-2.0.0.jar;C:\Users\binodini.sahoo.GISBIZDEV\.m2\repository\com\google\errorprone\error_prone_annotations\2.1.3\error_prone_annotations-2.1.3.jar;C:\Users\binodini.sahoo.GISBIZDEV\.m2\repository\com\google\j2objc\j2objc-annotations\1.1\j2objc-annotations-1.1.jar;C:\Users\binodini.sahoo.GISBIZDEV\.m2\repository\org\codehaus\mojo\animal-sniffer-annotations\1.14\animal-sniffer-annotations-1.14.jar;C:\Users\binodini.sahoo.GISBIZDEV\.m2\repository\org\apache\httpcomponents\httpclient\4.5.5\httpclient-4.5.5.jar;C:\Users\binodini.sahoo.GISBIZDEV\.m2\repository\org\apache\httpcomponents\httpcore\4.4.9\httpcore-4.4.9.jar;C:\Users\binodini.sahoo.GISBIZDEV\.m2\repository\com\squareup\okhttp3\okhttp\3.10.0\okhttp-3.10.0.jar;C:\Users\binodini.sahoo.GISBIZDEV\.m2\repository\com\squareup\okio\okio\1.14.1\okio-1.14.1.jar;C:\Users\binodini.sahoo.GISBIZDEV\.m2\repository\junit\junit\4.12\junit-4.12.jar;C:\Users\binodini.sahoo.GISBIZDEV\.m2\repository\org\hamcrest\hamcrest-core\1.3\hamcrest-core-1.3.jar;C:\Users\binodini.sahoo.GISBIZDEV\.m2\repository\commons-io\commons-io\1.3.2\commons-io-1.3.2.jar;C:\Users\binodini.sahoo.GISBIZDEV\.m2\repository\org\testng\testng\6.14.3\testng-6.14.3.jar;C:\Users\binodini.sahoo.GISBIZDEV\.m2\repository\com\beust\jcommander\1.72\jcommander-1.72.jar;C:\Users\binodini.sahoo.GISBIZDEV\.m2\repository\org\apache-extras\beanshell\bsh\2.0b6\bsh-2.0b6.jar;C:\Users\binodini.sahoo.GISBIZDEV\.m2\repository\com\aventstack\extentreports\3.1.5\extentreports-3.1.5.jar;C:\Users\binodini.sahoo.GISBIZDEV\.m2\repository\org\freemarker\freemarker\2.3.23\freemarker-2.3.23.jar;C:\Users\binodini.sahoo.GISBIZDEV\.m2\repository\org\mongodb\mongodb-driver\3.3.0\mongodb-driver-3.3.0.jar;C:\Users\binodini.sahoo.GISBIZDEV\.m2\repository\org\mongodb\bson\3.3.0\bson-3.3.0.jar;C:\Users\binodini.sahoo.GISBIZDEV\.m2\repository\org\mongodb\mongodb-driver-core\3.3.0\mongodb-driver-core-3.3.0.jar;C:\Users\binodini.sahoo.GISBIZDEV\.m2\repository\org\apache\httpcomponents\httpmime\4.5.2\httpmime-4.5.2.jar;C:\Users\binodini.sahoo.GISBIZDEV\.m2\repository\org\jsoup\jsoup\1.9.2\jsoup-1.9.2.jar;C:\Users\binodini.sahoo.GISBIZDEV\.m2\repository\org\apache\poi\poi\3.17\poi-3.17.jar;C:\Users\binodini.sahoo.GISBIZDEV\.m2\repository\org\apache\commons\commons-collections4\4.1\commons-collections4-4.1.jar;C:\Users\binodini.sahoo.GISBIZDEV\.m2\repository\org\apache\poi\poi-ooxml\3.17\poi-ooxml-3.17.jar;C:\Users\binodini.sahoo.GISBIZDEV\.m2\repository\org\apache\poi\poi-ooxml-schemas\3.17\poi-ooxml-schemas-3.17.jar;C:\Users\binodini.sahoo.GISBIZDEV\.m2\repository\org\apache\xmlbeans\xmlbeans\2.6.0\xmlbeans-2.6.0.jar;C:\Users\binodini.sahoo.GISBIZDEV\.m2\repository\stax\stax-api\1.0.1\stax-api-1.0.1.jar;C:\Users\binodini.sahoo.GISBIZDEV\.m2\repository\com\github\virtuald\curvesapi\1.04\curvesapi-1.04.jar;C:\Users\binodini.sahoo.GISBIZDEV\.m2\repository\io\cucumber\cucumber-junit\3.0.2\cucumber-junit-3.0.2.jar;C:\Users\binodini.sahoo.GISBIZDEV\.m2\repository\io\cucumber\cucumber-core\3.0.2\cucumber-core-3.0.2.jar;C:\Users\binodini.sahoo.GISBIZDEV\.m2\repository\io\cucumber\cucumber-html\0.2.7\cucumber-html-0.2.7.jar;C:\Users\binodini.sahoo.GISBIZDEV\.m2\repository\io\cucumber\gherkin\5.0.0\gherkin-5.0.0.jar;C:\Users\binodini.sahoo.GISBIZDEV\.m2\repository\io\cucumber\tag-expressions\1.1.1\tag-expressions-1.1.1.jar;C:\Users\binodini.sahoo.GISBIZDEV\.m2\repository\io\cucumber\cucumber-expressions\5.0.19\cucumber-expressions-5.0.19.jar;C:\Users\binodini.sahoo.GISBIZDEV\.m2\repository\io\cucumber\datatable\1.0.3\datatable-1.0.3.jar;C:\Users\binodini.sahoo.GISBIZDEV\.m2\repository\io\cucumber\datatable-dependencies\1.0.3\datatable-dependencies-1.0.3.jar;C:\Users\binodini.sahoo.GISBIZDEV\.m2\repository\io\cucumber\cucumber-java8\3.0.2\cucumber-java8-3.0.2.jar;C:\Users\binodini.sahoo.GISBIZDEV\.m2\repository\io\cucumber\cucumber-java\3.0.2\cucumber-java-3.0.2.jar;C:\Users\binodini.sahoo.GISBIZDEV\.m2\repository\net\jodah\typetools\0.5.0\typetools-0.5.0.jar;C:\Users\binodini.sahoo.GISBIZDEV\.m2\repository\log4j\log4j\1.2.17\log4j-1.2.17.jar;"/>
    <property name="java.vm.vendor" value="Oracle Corporation"/>
    <property name="sun.arch.data.model" value="64"/>
    <property name="user.variant" value=""/>
    <property name="java.vendor.url" value="http://java.oracle.com/"/>
    <property name="user.timezone" value="Asia/Calcutta"/>
    <property name="java.vm.specification.version" value="1.8"/>
    <property name="os.name" value="Windows 10"/>
    <property name="user.country" value="US"/>
    <property name="sun.java.launcher" value="SUN_STANDARD"/>
    <property name="sun.boot.library.path" value="C:\Program Files\Java\jdk1.8.0_251\jre\bin"/>
    <property name="sun.java.command" value="C:\Users\binodini.sahoo.GISBIZDEV\AppData\Local\Temp\surefire1974354091260879466\surefirebooter6194099494386428818.jar C:\Users\binodini.sahoo.GISBIZDEV\AppData\Local\Temp\surefire1974354091260879466 2020-06-18T18-58-44_423-jvmRun1 surefire7009614467726660948tmp surefire_06467263495637697023tmp"/>
    <property name="surefire.test.class.path" value="C:\Users\binodini.sahoo.GISBIZDEV\git\Fielda\InHouseFieldaOld\target\test-classes;C:\Users\binodini.sahoo.GISBIZDEV\git\Fielda\InHouseFieldaOld\target\classes;C:\Users\binodini.sahoo.GISBIZDEV\.m2\repository\org\apache\commons\commons-lang3\3.8.1\commons-lang3-3.8.1.jar;C:\Users\binodini.sahoo.GISBIZDEV\.m2\repository\commons-logging\commons-logging\1.1.1\commons-logging-1.1.1.jar;C:\Users\binodini.sahoo.GISBIZDEV\.m2\repository\org\seleniumhq\selenium\selenium-java\3.13.0\selenium-java-3.13.0.jar;C:\Users\binodini.sahoo.GISBIZDEV\.m2\repository\org\seleniumhq\selenium\selenium-api\3.13.0\selenium-api-3.13.0.jar;C:\Users\binodini.sahoo.GISBIZDEV\.m2\repository\org\seleniumhq\selenium\selenium-chrome-driver\3.13.0\selenium-chrome-driver-3.13.0.jar;C:\Users\binodini.sahoo.GISBIZDEV\.m2\repository\org\seleniumhq\selenium\selenium-edge-driver\3.13.0\selenium-edge-driver-3.13.0.jar;C:\Users\binodini.sahoo.GISBIZDEV\.m2\repository\org\seleniumhq\selenium\selenium-firefox-driver\3.13.0\selenium-firefox-driver-3.13.0.jar;C:\Users\binodini.sahoo.GISBIZDEV\.m2\repository\org\seleniumhq\selenium\selenium-ie-driver\3.13.0\selenium-ie-driver-3.13.0.jar;C:\Users\binodini.sahoo.GISBIZDEV\.m2\repository\org\seleniumhq\selenium\selenium-opera-driver\3.13.0\selenium-opera-driver-3.13.0.jar;C:\Users\binodini.sahoo.GISBIZDEV\.m2\repository\org\seleniumhq\selenium\selenium-remote-driver\3.13.0\selenium-remote-driver-3.13.0.jar;C:\Users\binodini.sahoo.GISBIZDEV\.m2\repository\org\seleniumhq\selenium\selenium-safari-driver\3.13.0\selenium-safari-driver-3.13.0.jar;C:\Users\binodini.sahoo.GISBIZDEV\.m2\repository\org\seleniumhq\selenium\selenium-support\3.13.0\selenium-support-3.13.0.jar;C:\Users\binodini.sahoo.GISBIZDEV\.m2\repository\net\bytebuddy\byte-buddy\1.8.3\byte-buddy-1.8.3.jar;C:\Users\binodini.sahoo.GISBIZDEV\.m2\repository\org\apache\commons\commons-exec\1.3\commons-exec-1.3.jar;C:\Users\binodini.sahoo.GISBIZDEV\.m2\repository\commons-codec\commons-codec\1.10\commons-codec-1.10.jar;C:\Users\binodini.sahoo.GISBIZDEV\.m2\repository\com\google\code\gson\gson\2.8.4\gson-2.8.4.jar;C:\Users\binodini.sahoo.GISBIZDEV\.m2\repository\com\google\guava\guava\25.0-jre\guava-25.0-jre.jar;C:\Users\binodini.sahoo.GISBIZDEV\.m2\repository\com\google\code\findbugs\jsr305\1.3.9\jsr305-1.3.9.jar;C:\Users\binodini.sahoo.GISBIZDEV\.m2\repository\org\checkerframework\checker-compat-qual\2.0.0\checker-compat-qual-2.0.0.jar;C:\Users\binodini.sahoo.GISBIZDEV\.m2\repository\com\google\errorprone\error_prone_annotations\2.1.3\error_prone_annotations-2.1.3.jar;C:\Users\binodini.sahoo.GISBIZDEV\.m2\repository\com\google\j2objc\j2objc-annotations\1.1\j2objc-annotations-1.1.jar;C:\Users\binodini.sahoo.GISBIZDEV\.m2\repository\org\codehaus\mojo\animal-sniffer-annotations\1.14\animal-sniffer-annotations-1.14.jar;C:\Users\binodini.sahoo.GISBIZDEV\.m2\repository\org\apache\httpcomponents\httpclient\4.5.5\httpclient-4.5.5.jar;C:\Users\binodini.sahoo.GISBIZDEV\.m2\repository\org\apache\httpcomponents\httpcore\4.4.9\httpcore-4.4.9.jar;C:\Users\binodini.sahoo.GISBIZDEV\.m2\repository\com\squareup\okhttp3\okhttp\3.10.0\okhttp-3.10.0.jar;C:\Users\binodini.sahoo.GISBIZDEV\.m2\repository\com\squareup\okio\okio\1.14.1\okio-1.14.1.jar;C:\Users\binodini.sahoo.GISBIZDEV\.m2\repository\junit\junit\4.12\junit-4.12.jar;C:\Users\binodini.sahoo.GISBIZDEV\.m2\repository\org\hamcrest\hamcrest-core\1.3\hamcrest-core-1.3.jar;C:\Users\binodini.sahoo.GISBIZDEV\.m2\repository\commons-io\commons-io\1.3.2\commons-io-1.3.2.jar;C:\Users\binodini.sahoo.GISBIZDEV\.m2\repository\org\testng\testng\6.14.3\testng-6.14.3.jar;C:\Users\binodini.sahoo.GISBIZDEV\.m2\repository\com\beust\jcommander\1.72\jcommander-1.72.jar;C:\Users\binodini.sahoo.GISBIZDEV\.m2\repository\org\apache-extras\beanshell\bsh\2.0b6\bsh-2.0b6.jar;C:\Users\binodini.sahoo.GISBIZDEV\.m2\repository\com\aventstack\extentreports\3.1.5\extentreports-3.1.5.jar;C:\Users\binodini.sahoo.GISBIZDEV\.m2\repository\org\freemarker\freemarker\2.3.23\freemarker-2.3.23.jar;C:\Users\binodini.sahoo.GISBIZDEV\.m2\repository\org\mongodb\mongodb-driver\3.3.0\mongodb-driver-3.3.0.jar;C:\Users\binodini.sahoo.GISBIZDEV\.m2\repository\org\mongodb\bson\3.3.0\bson-3.3.0.jar;C:\Users\binodini.sahoo.GISBIZDEV\.m2\repository\org\mongodb\mongodb-driver-core\3.3.0\mongodb-driver-core-3.3.0.jar;C:\Users\binodini.sahoo.GISBIZDEV\.m2\repository\org\apache\httpcomponents\httpmime\4.5.2\httpmime-4.5.2.jar;C:\Users\binodini.sahoo.GISBIZDEV\.m2\repository\org\jsoup\jsoup\1.9.2\jsoup-1.9.2.jar;C:\Users\binodini.sahoo.GISBIZDEV\.m2\repository\org\apache\poi\poi\3.17\poi-3.17.jar;C:\Users\binodini.sahoo.GISBIZDEV\.m2\repository\org\apache\commons\commons-collections4\4.1\commons-collections4-4.1.jar;C:\Users\binodini.sahoo.GISBIZDEV\.m2\repository\org\apache\poi\poi-ooxml\3.17\poi-ooxml-3.17.jar;C:\Users\binodini.sahoo.GISBIZDEV\.m2\repository\org\apache\poi\poi-ooxml-schemas\3.17\poi-ooxml-schemas-3.17.jar;C:\Users\binodini.sahoo.GISBIZDEV\.m2\repository\org\apache\xmlbeans\xmlbeans\2.6.0\xmlbeans-2.6.0.jar;C:\Users\binodini.sahoo.GISBIZDEV\.m2\repository\stax\stax-api\1.0.1\stax-api-1.0.1.jar;C:\Users\binodini.sahoo.GISBIZDEV\.m2\repository\com\github\virtuald\curvesapi\1.04\curvesapi-1.04.jar;C:\Users\binodini.sahoo.GISBIZDEV\.m2\repository\io\cucumber\cucumber-junit\3.0.2\cucumber-junit-3.0.2.jar;C:\Users\binodini.sahoo.GISBIZDEV\.m2\repository\io\cucumber\cucumber-core\3.0.2\cucumber-core-3.0.2.jar;C:\Users\binodini.sahoo.GISBIZDEV\.m2\repository\io\cucumber\cucumber-html\0.2.7\cucumber-html-0.2.7.jar;C:\Users\binodini.sahoo.GISBIZDEV\.m2\repository\io\cucumber\gherkin\5.0.0\gherkin-5.0.0.jar;C:\Users\binodini.sahoo.GISBIZDEV\.m2\repository\io\cucumber\tag-expressions\1.1.1\tag-expressions-1.1.1.jar;C:\Users\binodini.sahoo.GISBIZDEV\.m2\repository\io\cucumber\cucumber-expressions\5.0.19\cucumber-expressions-5.0.19.jar;C:\Users\binodini.sahoo.GISBIZDEV\.m2\repository\io\cucumber\datatable\1.0.3\datatable-1.0.3.jar;C:\Users\binodini.sahoo.GISBIZDEV\.m2\repository\io\cucumber\datatable-dependencies\1.0.3\datatable-dependencies-1.0.3.jar;C:\Users\binodini.sahoo.GISBIZDEV\.m2\repository\io\cucumber\cucumber-java8\3.0.2\cucumber-java8-3.0.2.jar;C:\Users\binodini.sahoo.GISBIZDEV\.m2\repository\io\cucumber\cucumber-java\3.0.2\cucumber-java-3.0.2.jar;C:\Users\binodini.sahoo.GISBIZDEV\.m2\repository\net\jodah\typetools\0.5.0\typetools-0.5.0.jar;C:\Users\binodini.sahoo.GISBIZDEV\.m2\repository\log4j\log4j\1.2.17\log4j-1.2.17.jar;"/>
    <property name="sun.cpu.endian" value="little"/>
    <property name="user.home" value="C:\Users\binodini.sahoo.GISBIZDEV"/>
    <property name="user.language" value="en"/>
    <property name="java.specification.vendor" value="Oracle Corporation"/>
    <property name="java.home" value="C:\Program Files\Java\jdk1.8.0_251\jre"/>
    <property name="basedir" value="C:\Users\binodini.sahoo.GISBIZDEV\git\Fielda\InHouseFieldaOld"/>
    <property name="file.separator" value="\"/>
    <property name="line.separator" value="&#10;"/>
    <property name="java.vm.specification.vendor" value="Oracle Corporation"/>
    <property name="java.specification.name" value="Java Platform API Specification"/>
    <property name="java.awt.graphicsenv" value="sun.awt.Win32GraphicsEnvironment"/>
    <property name="surefire.real.class.path" value="C:\Users\binodini.sahoo.GISBIZDEV\AppData\Local\Temp\surefire1974354091260879466\surefirebooter6194099494386428818.jar"/>
    <property name="sun.boot.class.path" value="C:\Program Files\Java\jdk1.8.0_251\jre\lib\resources.jar;C:\Program Files\Java\jdk1.8.0_251\jre\lib\rt.jar;C:\Program Files\Java\jdk1.8.0_251\jre\lib\sunrsasign.jar;C:\Program Files\Java\jdk1.8.0_251\jre\lib\jsse.jar;C:\Program Files\Java\jdk1.8.0_251\jre\lib\jce.jar;C:\Program Files\Java\jdk1.8.0_251\jre\lib\charsets.jar;C:\Program Files\Java\jdk1.8.0_251\jre\lib\jfr.jar;C:\Program Files\Java\jdk1.8.0_251\jre\classes"/>
    <property name="user.script" value=""/>
    <property name="sun.management.compiler" value="HotSpot 64-Bit Tiered Compilers"/>
    <property name="java.runtime.version" value="1.8.0_251-b08"/>
    <property name="user.name" value="Binodini.sahoo"/>
    <property name="path.separator" value=";"/>
    <property name="os.version" value="10.0"/>
    <property name="java.endorsed.dirs" value="C:\Program Files\Java\jdk1.8.0_251\jre\lib\endorsed"/>
    <property name="java.runtime.name" value="Java(TM) SE Runtime Environment"/>
    <property name="file.encoding" value="Cp1252"/>
    <property name="java.vm.name" value="Java HotSpot(TM) 64-Bit Server VM"/>
    <property name="localRepository" value="C:\Users\binodini.sahoo.GISBIZDEV\.m2\repository"/>
    <property name="java.vendor.url.bug" value="http://bugreport.sun.com/bugreport/"/>
    <property name="java.io.tmpdir" value="C:\Users\BINODI~1.GIS\AppData\Local\Temp\"/>
    <property name="java.version" value="1.8.0_251"/>
    <property name="user.dir" value="C:\Users\binodini.sahoo.GISBIZDEV\git\Fielda\InHouseFieldaOld"/>
    <property name="os.arch" value="amd64"/>
    <property name="java.vm.specification.name" value="Java Virtual Machine Specification"/>
    <property name="java.awt.printerjob" value="sun.awt.windows.WPrinterJob"/>
    <property name="sun.os.patch.level" value=""/>
    <property name="java.library.path" value="C:\Program Files\Java\jdk1.8.0_251\jre\bin;C:\windows\Sun\Java\bin;C:\windows\system32;C:\windows;C:\Program Files (x86)\TRICENTIS\Tosca Testsuite\Classic;C:\Program Files (x86)\TRICENTIS\Tosca Testsuite\ToscaCommander;;C:\Program Files (x86)\TRICENTIS\Tosca Testsuite\Classic;C:\Program Files (x86)\TRICENTIS\Tosca Testsuite\Classic\dll;C:\Program Files (x86)\TRICENTIS\Tosca Testsuite\Classic\dll\GuptaEngine;C:\Program Files (x86)\TRICENTIS\Tosca Testsuite\ToscaCommander;C:\Program Files (x86)\TRICENTIS\Tosca Testsuite\Classic\dll\DelphiEngine;C:\Program Files (x86)\TRICENTIS\Tosca Testsuite\Classic\dll\PBEngine;C:\Program Files (x86)\TRICENTIS\Tosca Testsuite\Classic\dll\VBEngine;C:\Program Files (x86)\TRICENTIS\Tosca Testsuite\Classic\dll\DotNetHooking;;C:\Program Files (x86)\TRICENTIS\Tosca Testsuite\TBox\\Resources\Mobile\Tools;C:\Program Files\Java\jdk1.8.0_251\bin;C:\Program Files\Intel\WiFi\bin\;C:\Program Files\Common Files\Intel\WirelessCommon\;C:\Program Files\node-v8.11.3-win-x64;C:\Program Files\Git\cmd;C:\apache-maven-3.5.4-bin\apache-maven-3.5.4\bin;C:\Program Files\Microsoft SQL Server\130\Tools\Binn\;C:\Program Files (x86)\Intel\Intel(R) Management Engine Components\DAL;C:\Program Files\Intel\Intel(R) Management Engine Components\DAL;C:\Program Files\dotnet\;D:\apache-maven-3.6.3-bin\apache-maven-3.6.3\bin;C:\Users\binodini.sahoo.GISBIZDEV\AppData\Local\Microsoft\WindowsApps;."/>
    <property name="java.vm.info" value="mixed mode"/>
    <property name="java.vendor" value="Oracle Corporation"/>
    <property name="java.vm.version" value="25.251-b08"/>
    <property name="propertyName" value="chrome"/>
    <property name="java.ext.dirs" value="C:\Program Files\Java\jdk1.8.0_251\jre\lib\ext;C:\windows\Sun\Java\lib\ext"/>
    <property name="sun.io.unicode.encoding" value="UnicodeLittle"/>
    <property name="java.class.version" value="52.0"/>
  </properties>
</testsuite>